#! /opt/homebrew/Cellar/icarus-verilog/12.0/bin/vvp
:ivl_version "12.0 (stable)";
:ivl_delay_selection "TYPICAL";
:vpi_time_precision - 12;
:vpi_module "/opt/homebrew/Cellar/icarus-verilog/12.0/lib/ivl/system.vpi";
:vpi_module "/opt/homebrew/Cellar/icarus-verilog/12.0/lib/ivl/vhdl_sys.vpi";
:vpi_module "/opt/homebrew/Cellar/icarus-verilog/12.0/lib/ivl/vhdl_textio.vpi";
:vpi_module "/opt/homebrew/Cellar/icarus-verilog/12.0/lib/ivl/v2005_math.vpi";
:vpi_module "/opt/homebrew/Cellar/icarus-verilog/12.0/lib/ivl/va_math.vpi";
:vpi_module "/opt/homebrew/Cellar/icarus-verilog/12.0/lib/ivl/v2009.vpi";
S_0x13e004080 .scope package, "$unit" "$unit" 2 1;
 .timescale 0 0;
S_0x13e0041f0 .scope module, "lab3_P2_TB" "lab3_P2_TB" 3 3;
 .timescale -9 -12;
v0x600003090c60_0 .var "S", 1 0;
v0x600003090cf0_0 .var "U", 1 0;
v0x600003090d80_0 .var "V", 1 0;
v0x600003090e10_0 .var "W", 1 0;
v0x600003090ea0_0 .var "X", 1 0;
v0x600003090f30_0 .net "output_7seg", 6 0, v0x6000030907e0_0;  1 drivers
S_0x13e004360 .scope module, "instantiate_p5" "lab3_P2" 3 8, 4 1 0, S_0x13e0041f0;
 .timescale 0 0;
    .port_info 0 /INPUT 2 "s";
    .port_info 1 /INPUT 2 "u";
    .port_info 2 /INPUT 2 "v";
    .port_info 3 /INPUT 2 "w";
    .port_info 4 /INPUT 2 "x";
    .port_info 5 /OUTPUT 7 "chosen_7segCode";
v0x600003090870_0 .net "chosen_7segCode", 6 0, v0x6000030907e0_0;  alias, 1 drivers
v0x600003090900_0 .net "s", 1 0, v0x600003090c60_0;  1 drivers
v0x600003090990_0 .net "temp", 1 0, v0x6000030902d0_0;  1 drivers
v0x600003090a20_0 .net "u", 1 0, v0x600003090cf0_0;  1 drivers
v0x600003090ab0_0 .net "v", 1 0, v0x600003090d80_0;  1 drivers
v0x600003090b40_0 .net "w", 1 0, v0x600003090e10_0;  1 drivers
v0x600003090bd0_0 .net "x", 1 0, v0x600003090ea0_0;  1 drivers
S_0x13e0044d0 .scope module, "part3" "two_bit_4to1muxV2" 4 9, 5 1 0, S_0x13e004360;
 .timescale 0 0;
    .port_info 0 /INPUT 2 "s";
    .port_info 1 /INPUT 2 "u";
    .port_info 2 /INPUT 2 "v";
    .port_info 3 /INPUT 2 "w";
    .port_info 4 /INPUT 2 "x";
    .port_info 5 /OUTPUT 2 "m";
v0x600003090120_0 .net *"_ivl_10", 0 0, L_0x6000033900a0;  1 drivers
v0x6000030901b0_0 .net *"_ivl_16", 0 0, L_0x600003390140;  1 drivers
v0x600003090240_0 .net *"_ivl_4", 0 0, L_0x600003390000;  1 drivers
v0x6000030902d0_0 .var "m", 1 0;
v0x600003090360_0 .net "s", 1 0, v0x600003090c60_0;  alias, 1 drivers
v0x6000030903f0_0 .var "t1", 1 0;
v0x600003090480_0 .var "t2", 1 0;
v0x600003090510_0 .net "u", 1 0, v0x600003090cf0_0;  alias, 1 drivers
v0x6000030905a0_0 .net "v", 1 0, v0x600003090d80_0;  alias, 1 drivers
v0x600003090630_0 .net "w", 1 0, v0x600003090e10_0;  alias, 1 drivers
v0x6000030906c0_0 .net "x", 1 0, v0x600003090ea0_0;  alias, 1 drivers
E_0x6000017900c0 .event anyedge, L_0x600003390140, v0x600003090480_0, v0x6000030903f0_0;
E_0x600001790140 .event anyedge, L_0x6000033900a0, v0x6000030906c0_0, v0x600003090630_0;
E_0x600001790180 .event anyedge, L_0x600003390000, v0x6000030905a0_0, v0x600003090510_0;
L_0x600003390000 .part v0x600003090c60_0, 0, 1;
L_0x6000033900a0 .part v0x600003090c60_0, 0, 1;
L_0x600003390140 .part v0x600003090c60_0, 1, 1;
S_0x13e004640 .scope module, "part4" "decoder_7seg" 4 18, 6 1 0, S_0x13e004360;
 .timescale 0 0;
    .port_info 0 /INPUT 2 "code";
    .port_info 1 /OUTPUT 7 "decoded_output";
v0x600003090750_0 .net "code", 1 0, v0x6000030902d0_0;  alias, 1 drivers
v0x6000030907e0_0 .var "decoded_output", 6 0;
E_0x6000017901c0 .event anyedge, v0x6000030902d0_0;
    .scope S_0x13e0044d0;
T_0 ;
    %wait E_0x600001790180;
    %load/vec4 v0x600003090360_0;
    %parti/s 1, 0, 2;
    %cmpi/e 1, 0, 1;
    %jmp/0xz  T_0.0, 4;
    %load/vec4 v0x6000030905a0_0;
    %store/vec4 v0x6000030903f0_0, 0, 2;
    %jmp T_0.1;
T_0.0 ;
    %load/vec4 v0x600003090510_0;
    %store/vec4 v0x6000030903f0_0, 0, 2;
T_0.1 ;
    %jmp T_0;
    .thread T_0, $push;
    .scope S_0x13e0044d0;
T_1 ;
    %wait E_0x600001790140;
    %load/vec4 v0x600003090360_0;
    %parti/s 1, 0, 2;
    %cmpi/e 1, 0, 1;
    %jmp/0xz  T_1.0, 4;
    %load/vec4 v0x6000030906c0_0;
    %store/vec4 v0x600003090480_0, 0, 2;
    %jmp T_1.1;
T_1.0 ;
    %load/vec4 v0x600003090630_0;
    %store/vec4 v0x600003090480_0, 0, 2;
T_1.1 ;
    %jmp T_1;
    .thread T_1, $push;
    .scope S_0x13e0044d0;
T_2 ;
    %wait E_0x6000017900c0;
    %load/vec4 v0x600003090360_0;
    %parti/s 1, 1, 2;
    %cmpi/e 1, 0, 1;
    %jmp/0xz  T_2.0, 4;
    %load/vec4 v0x600003090480_0;
    %store/vec4 v0x6000030902d0_0, 0, 2;
    %jmp T_2.1;
T_2.0 ;
    %load/vec4 v0x6000030903f0_0;
    %store/vec4 v0x6000030902d0_0, 0, 2;
T_2.1 ;
    %jmp T_2;
    .thread T_2, $push;
    .scope S_0x13e004640;
T_3 ;
    %wait E_0x6000017901c0;
    %load/vec4 v0x600003090750_0;
    %dup/vec4;
    %pushi/vec4 0, 0, 2;
    %cmp/u;
    %jmp/1 T_3.0, 6;
    %dup/vec4;
    %pushi/vec4 1, 0, 2;
    %cmp/u;
    %jmp/1 T_3.1, 6;
    %dup/vec4;
    %pushi/vec4 2, 0, 2;
    %cmp/u;
    %jmp/1 T_3.2, 6;
    %dup/vec4;
    %pushi/vec4 3, 0, 2;
    %cmp/u;
    %jmp/1 T_3.3, 6;
    %pushi/vec4 127, 0, 7;
    %store/vec4 v0x6000030907e0_0, 0, 7;
    %jmp T_3.5;
T_3.0 ;
    %pushi/vec4 7, 0, 7;
    %store/vec4 v0x6000030907e0_0, 0, 7;
    %jmp T_3.5;
T_3.1 ;
    %pushi/vec4 112, 0, 7;
    %store/vec4 v0x6000030907e0_0, 0, 7;
    %jmp T_3.5;
T_3.2 ;
    %pushi/vec4 28, 0, 7;
    %store/vec4 v0x6000030907e0_0, 0, 7;
    %jmp T_3.5;
T_3.3 ;
    %pushi/vec4 99, 0, 7;
    %store/vec4 v0x6000030907e0_0, 0, 7;
    %jmp T_3.5;
T_3.5 ;
    %pop/vec4 1;
    %jmp T_3;
    .thread T_3, $push;
    .scope S_0x13e0041f0;
T_4 ;
    %vpi_call/w 3 18 "$dumpfile", "sim/lab3_p2.vcd" {0 0 0};
    %vpi_call/w 3 19 "$dumpvars", 32'sb00000000000000000000000000000000, S_0x13e0041f0 {0 0 0};
    %pushi/vec4 0, 0, 2;
    %store/vec4 v0x600003090cf0_0, 0, 2;
    %pushi/vec4 1, 0, 2;
    %store/vec4 v0x600003090d80_0, 0, 2;
    %pushi/vec4 2, 0, 2;
    %store/vec4 v0x600003090e10_0, 0, 2;
    %pushi/vec4 3, 0, 2;
    %store/vec4 v0x600003090ea0_0, 0, 2;
    %pushi/vec4 0, 0, 2;
    %store/vec4 v0x600003090c60_0, 0, 2;
    %delay 20000, 0;
    %pushi/vec4 1, 0, 2;
    %store/vec4 v0x600003090c60_0, 0, 2;
    %delay 20000, 0;
    %pushi/vec4 2, 0, 2;
    %store/vec4 v0x600003090c60_0, 0, 2;
    %delay 20000, 0;
    %pushi/vec4 3, 0, 2;
    %store/vec4 v0x600003090c60_0, 0, 2;
    %delay 20000, 0;
    %pushi/vec4 1, 0, 2;
    %store/vec4 v0x600003090cf0_0, 0, 2;
    %pushi/vec4 2, 0, 2;
    %store/vec4 v0x600003090d80_0, 0, 2;
    %pushi/vec4 3, 0, 2;
    %store/vec4 v0x600003090e10_0, 0, 2;
    %pushi/vec4 0, 0, 2;
    %store/vec4 v0x600003090ea0_0, 0, 2;
    %pushi/vec4 0, 0, 2;
    %store/vec4 v0x600003090c60_0, 0, 2;
    %delay 20000, 0;
    %pushi/vec4 1, 0, 2;
    %store/vec4 v0x600003090c60_0, 0, 2;
    %delay 20000, 0;
    %pushi/vec4 2, 0, 2;
    %store/vec4 v0x600003090c60_0, 0, 2;
    %delay 20000, 0;
    %pushi/vec4 3, 0, 2;
    %store/vec4 v0x600003090c60_0, 0, 2;
    %delay 20000, 0;
    %vpi_call/w 3 43 "$finish" {0 0 0};
    %end;
    .thread T_4;
# The file index is used to find the file name in the following table.
:file_names 7;
    "N/A";
    "<interactive>";
    "-";
    "part2/lab3_P2_TB.v";
    "part2/lab3_P2.v";
    "part2/two_bit_4to1muxV2.v";
    "part1/decoder_7seg.v";
