#! /opt/homebrew/Cellar/icarus-verilog/12.0/bin/vvp
:ivl_version "12.0 (stable)";
:ivl_delay_selection "TYPICAL";
:vpi_time_precision - 12;
:vpi_module "/opt/homebrew/Cellar/icarus-verilog/12.0/lib/ivl/system.vpi";
:vpi_module "/opt/homebrew/Cellar/icarus-verilog/12.0/lib/ivl/vhdl_sys.vpi";
:vpi_module "/opt/homebrew/Cellar/icarus-verilog/12.0/lib/ivl/vhdl_textio.vpi";
:vpi_module "/opt/homebrew/Cellar/icarus-verilog/12.0/lib/ivl/v2005_math.vpi";
:vpi_module "/opt/homebrew/Cellar/icarus-verilog/12.0/lib/ivl/va_math.vpi";
:vpi_module "/opt/homebrew/Cellar/icarus-verilog/12.0/lib/ivl/v2009.vpi";
S_0x120704700 .scope package, "$unit" "$unit" 2 1;
 .timescale 0 0;
S_0x120704870 .scope module, "lab3_p1_TB" "lab3_p1_TB" 3 3;
 .timescale -9 -12;
v0x600002644120_0 .var "count", 3 0;
v0x6000026441b0_0 .var "input_c", 1 0;
v0x600002644240_0 .net "output_7seg", 6 0, v0x600002644090_0;  1 drivers
E_0x6000001401c0 .event anyedge, v0x600002644120_0;
S_0x120704200 .scope module, "instantiate_decoder" "decoder_7seg" 3 9, 4 1 0, S_0x120704870;
 .timescale 0 0;
    .port_info 0 /INPUT 2 "code";
    .port_info 1 /OUTPUT 7 "decoded_output";
v0x600002644000_0 .net "code", 1 0, v0x6000026441b0_0;  1 drivers
v0x600002644090_0 .var "decoded_output", 6 0;
E_0x600000140200 .event anyedge, v0x600002644000_0;
    .scope S_0x120704200;
T_0 ;
    %wait E_0x600000140200;
    %load/vec4 v0x600002644000_0;
    %dup/vec4;
    %pushi/vec4 0, 0, 2;
    %cmp/u;
    %jmp/1 T_0.0, 6;
    %dup/vec4;
    %pushi/vec4 1, 0, 2;
    %cmp/u;
    %jmp/1 T_0.1, 6;
    %dup/vec4;
    %pushi/vec4 2, 0, 2;
    %cmp/u;
    %jmp/1 T_0.2, 6;
    %dup/vec4;
    %pushi/vec4 3, 0, 2;
    %cmp/u;
    %jmp/1 T_0.3, 6;
    %pushi/vec4 127, 0, 7;
    %store/vec4 v0x600002644090_0, 0, 7;
    %jmp T_0.5;
T_0.0 ;
    %pushi/vec4 7, 0, 7;
    %store/vec4 v0x600002644090_0, 0, 7;
    %jmp T_0.5;
T_0.1 ;
    %pushi/vec4 112, 0, 7;
    %store/vec4 v0x600002644090_0, 0, 7;
    %jmp T_0.5;
T_0.2 ;
    %pushi/vec4 28, 0, 7;
    %store/vec4 v0x600002644090_0, 0, 7;
    %jmp T_0.5;
T_0.3 ;
    %pushi/vec4 99, 0, 7;
    %store/vec4 v0x600002644090_0, 0, 7;
    %jmp T_0.5;
T_0.5 ;
    %pop/vec4 1;
    %jmp T_0;
    .thread T_0, $push;
    .scope S_0x120704870;
T_1 ;
    %vpi_call/w 3 15 "$dumpfile", "sim/lab3_p1.vcd" {0 0 0};
    %vpi_call/w 3 16 "$dumpvars", 32'sb00000000000000000000000000000000, S_0x120704870 {0 0 0};
    %pushi/vec4 0, 0, 4;
    %store/vec4 v0x600002644120_0, 0, 4;
    %delay 250000, 0;
    %vpi_call/w 3 20 "$finish" {0 0 0};
    %end;
    .thread T_1;
    .scope S_0x120704870;
T_2 ;
    %delay 50000, 0;
    %load/vec4 v0x600002644120_0;
    %addi 1, 0, 4;
    %store/vec4 v0x600002644120_0, 0, 4;
    %jmp T_2;
    .thread T_2;
    .scope S_0x120704870;
T_3 ;
    %wait E_0x6000001401c0;
    %load/vec4 v0x600002644120_0;
    %dup/vec4;
    %pushi/vec4 0, 0, 4;
    %cmp/u;
    %jmp/1 T_3.0, 6;
    %dup/vec4;
    %pushi/vec4 1, 0, 4;
    %cmp/u;
    %jmp/1 T_3.1, 6;
    %dup/vec4;
    %pushi/vec4 2, 0, 4;
    %cmp/u;
    %jmp/1 T_3.2, 6;
    %pushi/vec4 3, 0, 2;
    %store/vec4 v0x6000026441b0_0, 0, 2;
    %jmp T_3.4;
T_3.0 ;
    %pushi/vec4 0, 0, 2;
    %store/vec4 v0x6000026441b0_0, 0, 2;
    %jmp T_3.4;
T_3.1 ;
    %pushi/vec4 1, 0, 2;
    %store/vec4 v0x6000026441b0_0, 0, 2;
    %jmp T_3.4;
T_3.2 ;
    %pushi/vec4 2, 0, 2;
    %store/vec4 v0x6000026441b0_0, 0, 2;
    %jmp T_3.4;
T_3.4 ;
    %pop/vec4 1;
    %jmp T_3;
    .thread T_3, $push;
# The file index is used to find the file name in the following table.
:file_names 5;
    "N/A";
    "<interactive>";
    "-";
    "part1/lab3_p1_TB.v";
    "part1/decoder_7seg.v";
