#! /opt/homebrew/Cellar/icarus-verilog/12.0/bin/vvp
:ivl_version "12.0 (stable)";
:ivl_delay_selection "TYPICAL";
:vpi_time_precision - 12;
:vpi_module "/opt/homebrew/Cellar/icarus-verilog/12.0/lib/ivl/system.vpi";
:vpi_module "/opt/homebrew/Cellar/icarus-verilog/12.0/lib/ivl/vhdl_sys.vpi";
:vpi_module "/opt/homebrew/Cellar/icarus-verilog/12.0/lib/ivl/vhdl_textio.vpi";
:vpi_module "/opt/homebrew/Cellar/icarus-verilog/12.0/lib/ivl/v2005_math.vpi";
:vpi_module "/opt/homebrew/Cellar/icarus-verilog/12.0/lib/ivl/va_math.vpi";
:vpi_module "/opt/homebrew/Cellar/icarus-verilog/12.0/lib/ivl/v2009.vpi";
S_0x12b60fb30 .scope package, "$unit" "$unit" 2 1;
 .timescale 0 0;
S_0x12b6050b0 .scope module, "lab3_P3_TB" "lab3_P3_TB" 3 3;
 .timescale -9 -12;
v0x600002a24240_0 .var "S", 1 0;
v0x600002a242d0_0 .var "U", 1 0;
v0x600002a24360_0 .var "V", 1 0;
v0x600002a243f0_0 .var "W", 1 0;
v0x600002a24480_0 .var "X", 1 0;
v0x600002a24510_0 .var "count", 3 0;
v0x600002a245a0_0 .net "output_7seg1", 6 0, v0x600002a21320_0;  1 drivers
v0x600002a24630_0 .net "output_7seg2", 6 0, v0x600002a21f80_0;  1 drivers
v0x600002a246c0_0 .net "output_7seg3", 6 0, v0x600002a22be0_0;  1 drivers
v0x600002a24750_0 .net "output_7seg4", 6 0, v0x600002a23840_0;  1 drivers
E_0x600000d25500 .event anyedge, v0x600002a24510_0;
S_0x12b605220 .scope module, "instantiate_p6" "lab3_P3" 3 10, 4 1 0, S_0x12b6050b0;
 .timescale 0 0;
    .port_info 0 /INPUT 2 "s";
    .port_info 1 /INPUT 2 "u";
    .port_info 2 /INPUT 2 "v";
    .port_info 3 /INPUT 2 "w";
    .port_info 4 /INPUT 2 "x";
    .port_info 5 /OUTPUT 7 "code1";
    .port_info 6 /OUTPUT 7 "code2";
    .port_info 7 /OUTPUT 7 "code3";
    .port_info 8 /OUTPUT 7 "code4";
v0x600002a23cc0_0 .net "code1", 6 0, v0x600002a21320_0;  alias, 1 drivers
v0x600002a23d50_0 .net "code2", 6 0, v0x600002a21f80_0;  alias, 1 drivers
v0x600002a23de0_0 .net "code3", 6 0, v0x600002a22be0_0;  alias, 1 drivers
v0x600002a23e70_0 .net "code4", 6 0, v0x600002a23840_0;  alias, 1 drivers
v0x600002a23f00_0 .net "s", 1 0, v0x600002a24240_0;  1 drivers
v0x600002a24000_0 .net "u", 1 0, v0x600002a242d0_0;  1 drivers
v0x600002a24090_0 .net "v", 1 0, v0x600002a24360_0;  1 drivers
v0x600002a24120_0 .net "w", 1 0, v0x600002a243f0_0;  1 drivers
v0x600002a241b0_0 .net "x", 1 0, v0x600002a24480_0;  1 drivers
S_0x12b604bb0 .scope module, "inst1" "lab3_P2" 4 7, 5 1 0, S_0x12b605220;
 .timescale 0 0;
    .port_info 0 /INPUT 2 "s";
    .port_info 1 /INPUT 2 "u";
    .port_info 2 /INPUT 2 "v";
    .port_info 3 /INPUT 2 "w";
    .port_info 4 /INPUT 2 "x";
    .port_info 5 /OUTPUT 7 "chosen_7segCode";
v0x600002a213b0_0 .net "chosen_7segCode", 6 0, v0x600002a21320_0;  alias, 1 drivers
v0x600002a21440_0 .net "s", 1 0, v0x600002a24240_0;  alias, 1 drivers
v0x600002a214d0_0 .net "temp", 1 0, v0x600002a20e10_0;  1 drivers
v0x600002a21560_0 .net "u", 1 0, v0x600002a242d0_0;  alias, 1 drivers
v0x600002a215f0_0 .net "v", 1 0, v0x600002a24360_0;  alias, 1 drivers
v0x600002a21680_0 .net "w", 1 0, v0x600002a243f0_0;  alias, 1 drivers
v0x600002a21710_0 .net "x", 1 0, v0x600002a24480_0;  alias, 1 drivers
S_0x12b604d20 .scope module, "part3" "two_bit_4to1muxV2" 5 9, 6 1 0, S_0x12b604bb0;
 .timescale 0 0;
    .port_info 0 /INPUT 2 "s";
    .port_info 1 /INPUT 2 "u";
    .port_info 2 /INPUT 2 "v";
    .port_info 3 /INPUT 2 "w";
    .port_info 4 /INPUT 2 "x";
    .port_info 5 /OUTPUT 2 "m";
v0x600002a20c60_0 .net *"_ivl_10", 0 0, L_0x600002921ae0;  1 drivers
v0x600002a20cf0_0 .net *"_ivl_16", 0 0, L_0x600002921b80;  1 drivers
v0x600002a20d80_0 .net *"_ivl_4", 0 0, L_0x600002921a40;  1 drivers
v0x600002a20e10_0 .var "m", 1 0;
v0x600002a20ea0_0 .net "s", 1 0, v0x600002a24240_0;  alias, 1 drivers
v0x600002a20f30_0 .var "t1", 1 0;
v0x600002a20fc0_0 .var "t2", 1 0;
v0x600002a21050_0 .net "u", 1 0, v0x600002a242d0_0;  alias, 1 drivers
v0x600002a210e0_0 .net "v", 1 0, v0x600002a24360_0;  alias, 1 drivers
v0x600002a21170_0 .net "w", 1 0, v0x600002a243f0_0;  alias, 1 drivers
v0x600002a21200_0 .net "x", 1 0, v0x600002a24480_0;  alias, 1 drivers
E_0x600000d25540 .event anyedge, L_0x600002921b80, v0x600002a20fc0_0, v0x600002a20f30_0;
E_0x600000d25580 .event anyedge, L_0x600002921ae0, v0x600002a21200_0, v0x600002a21170_0;
E_0x600000d255c0 .event anyedge, L_0x600002921a40, v0x600002a210e0_0, v0x600002a21050_0;
L_0x600002921a40 .part v0x600002a24240_0, 0, 1;
L_0x600002921ae0 .part v0x600002a24240_0, 0, 1;
L_0x600002921b80 .part v0x600002a24240_0, 1, 1;
S_0x12b605990 .scope module, "part4" "decoder_7seg" 5 18, 7 1 0, S_0x12b604bb0;
 .timescale 0 0;
    .port_info 0 /INPUT 2 "code";
    .port_info 1 /OUTPUT 7 "decoded_output";
v0x600002a21290_0 .net "code", 1 0, v0x600002a20e10_0;  alias, 1 drivers
v0x600002a21320_0 .var "decoded_output", 6 0;
E_0x600000d25600 .event anyedge, v0x600002a20e10_0;
S_0x12b605b00 .scope module, "inst2" "lab3_P2" 4 16, 5 1 0, S_0x12b605220;
 .timescale 0 0;
    .port_info 0 /INPUT 2 "s";
    .port_info 1 /INPUT 2 "u";
    .port_info 2 /INPUT 2 "v";
    .port_info 3 /INPUT 2 "w";
    .port_info 4 /INPUT 2 "x";
    .port_info 5 /OUTPUT 7 "chosen_7segCode";
v0x600002a22010_0 .net "chosen_7segCode", 6 0, v0x600002a21f80_0;  alias, 1 drivers
v0x600002a220a0_0 .net "s", 1 0, v0x600002a24240_0;  alias, 1 drivers
v0x600002a22130_0 .net "temp", 1 0, v0x600002a21a70_0;  1 drivers
v0x600002a221c0_0 .net "u", 1 0, v0x600002a24360_0;  alias, 1 drivers
v0x600002a22250_0 .net "v", 1 0, v0x600002a243f0_0;  alias, 1 drivers
v0x600002a222e0_0 .net "w", 1 0, v0x600002a24480_0;  alias, 1 drivers
v0x600002a22370_0 .net "x", 1 0, v0x600002a242d0_0;  alias, 1 drivers
S_0x12b605c70 .scope module, "part3" "two_bit_4to1muxV2" 5 9, 6 1 0, S_0x12b605b00;
 .timescale 0 0;
    .port_info 0 /INPUT 2 "s";
    .port_info 1 /INPUT 2 "u";
    .port_info 2 /INPUT 2 "v";
    .port_info 3 /INPUT 2 "w";
    .port_info 4 /INPUT 2 "x";
    .port_info 5 /OUTPUT 2 "m";
v0x600002a218c0_0 .net *"_ivl_10", 0 0, L_0x600002921cc0;  1 drivers
v0x600002a21950_0 .net *"_ivl_16", 0 0, L_0x600002921d60;  1 drivers
v0x600002a219e0_0 .net *"_ivl_4", 0 0, L_0x600002921c20;  1 drivers
v0x600002a21a70_0 .var "m", 1 0;
v0x600002a21b00_0 .net "s", 1 0, v0x600002a24240_0;  alias, 1 drivers
v0x600002a21b90_0 .var "t1", 1 0;
v0x600002a21c20_0 .var "t2", 1 0;
v0x600002a21cb0_0 .net "u", 1 0, v0x600002a24360_0;  alias, 1 drivers
v0x600002a21d40_0 .net "v", 1 0, v0x600002a243f0_0;  alias, 1 drivers
v0x600002a21dd0_0 .net "w", 1 0, v0x600002a24480_0;  alias, 1 drivers
v0x600002a21e60_0 .net "x", 1 0, v0x600002a242d0_0;  alias, 1 drivers
E_0x600000d256c0 .event anyedge, L_0x600002921d60, v0x600002a21c20_0, v0x600002a21b90_0;
E_0x600000d25700 .event anyedge, L_0x600002921cc0, v0x600002a21050_0, v0x600002a21200_0;
E_0x600000d25740 .event anyedge, L_0x600002921c20, v0x600002a21170_0, v0x600002a210e0_0;
L_0x600002921c20 .part v0x600002a24240_0, 0, 1;
L_0x600002921cc0 .part v0x600002a24240_0, 0, 1;
L_0x600002921d60 .part v0x600002a24240_0, 1, 1;
S_0x12b605de0 .scope module, "part4" "decoder_7seg" 5 18, 7 1 0, S_0x12b605b00;
 .timescale 0 0;
    .port_info 0 /INPUT 2 "code";
    .port_info 1 /OUTPUT 7 "decoded_output";
v0x600002a21ef0_0 .net "code", 1 0, v0x600002a21a70_0;  alias, 1 drivers
v0x600002a21f80_0 .var "decoded_output", 6 0;
E_0x600000d258c0 .event anyedge, v0x600002a21a70_0;
S_0x12b605f50 .scope module, "inst3" "lab3_P2" 4 25, 5 1 0, S_0x12b605220;
 .timescale 0 0;
    .port_info 0 /INPUT 2 "s";
    .port_info 1 /INPUT 2 "u";
    .port_info 2 /INPUT 2 "v";
    .port_info 3 /INPUT 2 "w";
    .port_info 4 /INPUT 2 "x";
    .port_info 5 /OUTPUT 7 "chosen_7segCode";
v0x600002a22c70_0 .net "chosen_7segCode", 6 0, v0x600002a22be0_0;  alias, 1 drivers
v0x600002a22d00_0 .net "s", 1 0, v0x600002a24240_0;  alias, 1 drivers
v0x600002a22d90_0 .net "temp", 1 0, v0x600002a226d0_0;  1 drivers
v0x600002a22e20_0 .net "u", 1 0, v0x600002a243f0_0;  alias, 1 drivers
v0x600002a22eb0_0 .net "v", 1 0, v0x600002a24480_0;  alias, 1 drivers
v0x600002a22f40_0 .net "w", 1 0, v0x600002a242d0_0;  alias, 1 drivers
v0x600002a22fd0_0 .net "x", 1 0, v0x600002a24360_0;  alias, 1 drivers
S_0x12b6060c0 .scope module, "part3" "two_bit_4to1muxV2" 5 9, 6 1 0, S_0x12b605f50;
 .timescale 0 0;
    .port_info 0 /INPUT 2 "s";
    .port_info 1 /INPUT 2 "u";
    .port_info 2 /INPUT 2 "v";
    .port_info 3 /INPUT 2 "w";
    .port_info 4 /INPUT 2 "x";
    .port_info 5 /OUTPUT 2 "m";
v0x600002a22520_0 .net *"_ivl_10", 0 0, L_0x600002921ea0;  1 drivers
v0x600002a225b0_0 .net *"_ivl_16", 0 0, L_0x600002921f40;  1 drivers
v0x600002a22640_0 .net *"_ivl_4", 0 0, L_0x600002921e00;  1 drivers
v0x600002a226d0_0 .var "m", 1 0;
v0x600002a22760_0 .net "s", 1 0, v0x600002a24240_0;  alias, 1 drivers
v0x600002a227f0_0 .var "t1", 1 0;
v0x600002a22880_0 .var "t2", 1 0;
v0x600002a22910_0 .net "u", 1 0, v0x600002a243f0_0;  alias, 1 drivers
v0x600002a229a0_0 .net "v", 1 0, v0x600002a24480_0;  alias, 1 drivers
v0x600002a22a30_0 .net "w", 1 0, v0x600002a242d0_0;  alias, 1 drivers
v0x600002a22ac0_0 .net "x", 1 0, v0x600002a24360_0;  alias, 1 drivers
E_0x600000d25980 .event anyedge, L_0x600002921f40, v0x600002a22880_0, v0x600002a227f0_0;
E_0x600000d259c0 .event anyedge, L_0x600002921ea0, v0x600002a210e0_0, v0x600002a21050_0;
E_0x600000d25a00 .event anyedge, L_0x600002921e00, v0x600002a21200_0, v0x600002a21170_0;
L_0x600002921e00 .part v0x600002a24240_0, 0, 1;
L_0x600002921ea0 .part v0x600002a24240_0, 0, 1;
L_0x600002921f40 .part v0x600002a24240_0, 1, 1;
S_0x12b60fef0 .scope module, "part4" "decoder_7seg" 5 18, 7 1 0, S_0x12b605f50;
 .timescale 0 0;
    .port_info 0 /INPUT 2 "code";
    .port_info 1 /OUTPUT 7 "decoded_output";
v0x600002a22b50_0 .net "code", 1 0, v0x600002a226d0_0;  alias, 1 drivers
v0x600002a22be0_0 .var "decoded_output", 6 0;
E_0x600000d25800 .event anyedge, v0x600002a226d0_0;
S_0x12b610060 .scope module, "inst4" "lab3_P2" 4 34, 5 1 0, S_0x12b605220;
 .timescale 0 0;
    .port_info 0 /INPUT 2 "s";
    .port_info 1 /INPUT 2 "u";
    .port_info 2 /INPUT 2 "v";
    .port_info 3 /INPUT 2 "w";
    .port_info 4 /INPUT 2 "x";
    .port_info 5 /OUTPUT 7 "chosen_7segCode";
v0x600002a238d0_0 .net "chosen_7segCode", 6 0, v0x600002a23840_0;  alias, 1 drivers
v0x600002a23960_0 .net "s", 1 0, v0x600002a24240_0;  alias, 1 drivers
v0x600002a239f0_0 .net "temp", 1 0, v0x600002a23330_0;  1 drivers
v0x600002a23a80_0 .net "u", 1 0, v0x600002a24480_0;  alias, 1 drivers
v0x600002a23b10_0 .net "v", 1 0, v0x600002a242d0_0;  alias, 1 drivers
v0x600002a23ba0_0 .net "w", 1 0, v0x600002a24360_0;  alias, 1 drivers
v0x600002a23c30_0 .net "x", 1 0, v0x600002a243f0_0;  alias, 1 drivers
S_0x12b6101d0 .scope module, "part3" "two_bit_4to1muxV2" 5 9, 6 1 0, S_0x12b610060;
 .timescale 0 0;
    .port_info 0 /INPUT 2 "s";
    .port_info 1 /INPUT 2 "u";
    .port_info 2 /INPUT 2 "v";
    .port_info 3 /INPUT 2 "w";
    .port_info 4 /INPUT 2 "x";
    .port_info 5 /OUTPUT 2 "m";
v0x600002a23180_0 .net *"_ivl_10", 0 0, L_0x600002922080;  1 drivers
v0x600002a23210_0 .net *"_ivl_16", 0 0, L_0x600002922120;  1 drivers
v0x600002a232a0_0 .net *"_ivl_4", 0 0, L_0x600002921fe0;  1 drivers
v0x600002a23330_0 .var "m", 1 0;
v0x600002a233c0_0 .net "s", 1 0, v0x600002a24240_0;  alias, 1 drivers
v0x600002a23450_0 .var "t1", 1 0;
v0x600002a234e0_0 .var "t2", 1 0;
v0x600002a23570_0 .net "u", 1 0, v0x600002a24480_0;  alias, 1 drivers
v0x600002a23600_0 .net "v", 1 0, v0x600002a242d0_0;  alias, 1 drivers
v0x600002a23690_0 .net "w", 1 0, v0x600002a24360_0;  alias, 1 drivers
v0x600002a23720_0 .net "x", 1 0, v0x600002a243f0_0;  alias, 1 drivers
E_0x600000d25a40 .event anyedge, L_0x600002922120, v0x600002a234e0_0, v0x600002a23450_0;
E_0x600000d25780 .event anyedge, L_0x600002922080, v0x600002a21170_0, v0x600002a210e0_0;
E_0x600000d257c0 .event anyedge, L_0x600002921fe0, v0x600002a21050_0, v0x600002a21200_0;
L_0x600002921fe0 .part v0x600002a24240_0, 0, 1;
L_0x600002922080 .part v0x600002a24240_0, 0, 1;
L_0x600002922120 .part v0x600002a24240_0, 1, 1;
S_0x12b610340 .scope module, "part4" "decoder_7seg" 5 18, 7 1 0, S_0x12b610060;
 .timescale 0 0;
    .port_info 0 /INPUT 2 "code";
    .port_info 1 /OUTPUT 7 "decoded_output";
v0x600002a237b0_0 .net "code", 1 0, v0x600002a23330_0;  alias, 1 drivers
v0x600002a23840_0 .var "decoded_output", 6 0;
E_0x600000d25a80 .event anyedge, v0x600002a23330_0;
    .scope S_0x12b604d20;
T_0 ;
    %wait E_0x600000d255c0;
    %load/vec4 v0x600002a20ea0_0;
    %parti/s 1, 0, 2;
    %cmpi/e 1, 0, 1;
    %jmp/0xz  T_0.0, 4;
    %load/vec4 v0x600002a210e0_0;
    %store/vec4 v0x600002a20f30_0, 0, 2;
    %jmp T_0.1;
T_0.0 ;
    %load/vec4 v0x600002a21050_0;
    %store/vec4 v0x600002a20f30_0, 0, 2;
T_0.1 ;
    %jmp T_0;
    .thread T_0, $push;
    .scope S_0x12b604d20;
T_1 ;
    %wait E_0x600000d25580;
    %load/vec4 v0x600002a20ea0_0;
    %parti/s 1, 0, 2;
    %cmpi/e 1, 0, 1;
    %jmp/0xz  T_1.0, 4;
    %load/vec4 v0x600002a21200_0;
    %store/vec4 v0x600002a20fc0_0, 0, 2;
    %jmp T_1.1;
T_1.0 ;
    %load/vec4 v0x600002a21170_0;
    %store/vec4 v0x600002a20fc0_0, 0, 2;
T_1.1 ;
    %jmp T_1;
    .thread T_1, $push;
    .scope S_0x12b604d20;
T_2 ;
    %wait E_0x600000d25540;
    %load/vec4 v0x600002a20ea0_0;
    %parti/s 1, 1, 2;
    %cmpi/e 1, 0, 1;
    %jmp/0xz  T_2.0, 4;
    %load/vec4 v0x600002a20fc0_0;
    %store/vec4 v0x600002a20e10_0, 0, 2;
    %jmp T_2.1;
T_2.0 ;
    %load/vec4 v0x600002a20f30_0;
    %store/vec4 v0x600002a20e10_0, 0, 2;
T_2.1 ;
    %jmp T_2;
    .thread T_2, $push;
    .scope S_0x12b605990;
T_3 ;
    %wait E_0x600000d25600;
    %load/vec4 v0x600002a21290_0;
    %dup/vec4;
    %pushi/vec4 0, 0, 2;
    %cmp/u;
    %jmp/1 T_3.0, 6;
    %dup/vec4;
    %pushi/vec4 1, 0, 2;
    %cmp/u;
    %jmp/1 T_3.1, 6;
    %dup/vec4;
    %pushi/vec4 2, 0, 2;
    %cmp/u;
    %jmp/1 T_3.2, 6;
    %dup/vec4;
    %pushi/vec4 3, 0, 2;
    %cmp/u;
    %jmp/1 T_3.3, 6;
    %pushi/vec4 127, 0, 7;
    %store/vec4 v0x600002a21320_0, 0, 7;
    %jmp T_3.5;
T_3.0 ;
    %pushi/vec4 7, 0, 7;
    %store/vec4 v0x600002a21320_0, 0, 7;
    %jmp T_3.5;
T_3.1 ;
    %pushi/vec4 112, 0, 7;
    %store/vec4 v0x600002a21320_0, 0, 7;
    %jmp T_3.5;
T_3.2 ;
    %pushi/vec4 28, 0, 7;
    %store/vec4 v0x600002a21320_0, 0, 7;
    %jmp T_3.5;
T_3.3 ;
    %pushi/vec4 99, 0, 7;
    %store/vec4 v0x600002a21320_0, 0, 7;
    %jmp T_3.5;
T_3.5 ;
    %pop/vec4 1;
    %jmp T_3;
    .thread T_3, $push;
    .scope S_0x12b605c70;
T_4 ;
    %wait E_0x600000d25740;
    %load/vec4 v0x600002a21b00_0;
    %parti/s 1, 0, 2;
    %cmpi/e 1, 0, 1;
    %jmp/0xz  T_4.0, 4;
    %load/vec4 v0x600002a21d40_0;
    %store/vec4 v0x600002a21b90_0, 0, 2;
    %jmp T_4.1;
T_4.0 ;
    %load/vec4 v0x600002a21cb0_0;
    %store/vec4 v0x600002a21b90_0, 0, 2;
T_4.1 ;
    %jmp T_4;
    .thread T_4, $push;
    .scope S_0x12b605c70;
T_5 ;
    %wait E_0x600000d25700;
    %load/vec4 v0x600002a21b00_0;
    %parti/s 1, 0, 2;
    %cmpi/e 1, 0, 1;
    %jmp/0xz  T_5.0, 4;
    %load/vec4 v0x600002a21e60_0;
    %store/vec4 v0x600002a21c20_0, 0, 2;
    %jmp T_5.1;
T_5.0 ;
    %load/vec4 v0x600002a21dd0_0;
    %store/vec4 v0x600002a21c20_0, 0, 2;
T_5.1 ;
    %jmp T_5;
    .thread T_5, $push;
    .scope S_0x12b605c70;
T_6 ;
    %wait E_0x600000d256c0;
    %load/vec4 v0x600002a21b00_0;
    %parti/s 1, 1, 2;
    %cmpi/e 1, 0, 1;
    %jmp/0xz  T_6.0, 4;
    %load/vec4 v0x600002a21c20_0;
    %store/vec4 v0x600002a21a70_0, 0, 2;
    %jmp T_6.1;
T_6.0 ;
    %load/vec4 v0x600002a21b90_0;
    %store/vec4 v0x600002a21a70_0, 0, 2;
T_6.1 ;
    %jmp T_6;
    .thread T_6, $push;
    .scope S_0x12b605de0;
T_7 ;
    %wait E_0x600000d258c0;
    %load/vec4 v0x600002a21ef0_0;
    %dup/vec4;
    %pushi/vec4 0, 0, 2;
    %cmp/u;
    %jmp/1 T_7.0, 6;
    %dup/vec4;
    %pushi/vec4 1, 0, 2;
    %cmp/u;
    %jmp/1 T_7.1, 6;
    %dup/vec4;
    %pushi/vec4 2, 0, 2;
    %cmp/u;
    %jmp/1 T_7.2, 6;
    %dup/vec4;
    %pushi/vec4 3, 0, 2;
    %cmp/u;
    %jmp/1 T_7.3, 6;
    %pushi/vec4 127, 0, 7;
    %store/vec4 v0x600002a21f80_0, 0, 7;
    %jmp T_7.5;
T_7.0 ;
    %pushi/vec4 7, 0, 7;
    %store/vec4 v0x600002a21f80_0, 0, 7;
    %jmp T_7.5;
T_7.1 ;
    %pushi/vec4 112, 0, 7;
    %store/vec4 v0x600002a21f80_0, 0, 7;
    %jmp T_7.5;
T_7.2 ;
    %pushi/vec4 28, 0, 7;
    %store/vec4 v0x600002a21f80_0, 0, 7;
    %jmp T_7.5;
T_7.3 ;
    %pushi/vec4 99, 0, 7;
    %store/vec4 v0x600002a21f80_0, 0, 7;
    %jmp T_7.5;
T_7.5 ;
    %pop/vec4 1;
    %jmp T_7;
    .thread T_7, $push;
    .scope S_0x12b6060c0;
T_8 ;
    %wait E_0x600000d25a00;
    %load/vec4 v0x600002a22760_0;
    %parti/s 1, 0, 2;
    %cmpi/e 1, 0, 1;
    %jmp/0xz  T_8.0, 4;
    %load/vec4 v0x600002a229a0_0;
    %store/vec4 v0x600002a227f0_0, 0, 2;
    %jmp T_8.1;
T_8.0 ;
    %load/vec4 v0x600002a22910_0;
    %store/vec4 v0x600002a227f0_0, 0, 2;
T_8.1 ;
    %jmp T_8;
    .thread T_8, $push;
    .scope S_0x12b6060c0;
T_9 ;
    %wait E_0x600000d259c0;
    %load/vec4 v0x600002a22760_0;
    %parti/s 1, 0, 2;
    %cmpi/e 1, 0, 1;
    %jmp/0xz  T_9.0, 4;
    %load/vec4 v0x600002a22ac0_0;
    %store/vec4 v0x600002a22880_0, 0, 2;
    %jmp T_9.1;
T_9.0 ;
    %load/vec4 v0x600002a22a30_0;
    %store/vec4 v0x600002a22880_0, 0, 2;
T_9.1 ;
    %jmp T_9;
    .thread T_9, $push;
    .scope S_0x12b6060c0;
T_10 ;
    %wait E_0x600000d25980;
    %load/vec4 v0x600002a22760_0;
    %parti/s 1, 1, 2;
    %cmpi/e 1, 0, 1;
    %jmp/0xz  T_10.0, 4;
    %load/vec4 v0x600002a22880_0;
    %store/vec4 v0x600002a226d0_0, 0, 2;
    %jmp T_10.1;
T_10.0 ;
    %load/vec4 v0x600002a227f0_0;
    %store/vec4 v0x600002a226d0_0, 0, 2;
T_10.1 ;
    %jmp T_10;
    .thread T_10, $push;
    .scope S_0x12b60fef0;
T_11 ;
    %wait E_0x600000d25800;
    %load/vec4 v0x600002a22b50_0;
    %dup/vec4;
    %pushi/vec4 0, 0, 2;
    %cmp/u;
    %jmp/1 T_11.0, 6;
    %dup/vec4;
    %pushi/vec4 1, 0, 2;
    %cmp/u;
    %jmp/1 T_11.1, 6;
    %dup/vec4;
    %pushi/vec4 2, 0, 2;
    %cmp/u;
    %jmp/1 T_11.2, 6;
    %dup/vec4;
    %pushi/vec4 3, 0, 2;
    %cmp/u;
    %jmp/1 T_11.3, 6;
    %pushi/vec4 127, 0, 7;
    %store/vec4 v0x600002a22be0_0, 0, 7;
    %jmp T_11.5;
T_11.0 ;
    %pushi/vec4 7, 0, 7;
    %store/vec4 v0x600002a22be0_0, 0, 7;
    %jmp T_11.5;
T_11.1 ;
    %pushi/vec4 112, 0, 7;
    %store/vec4 v0x600002a22be0_0, 0, 7;
    %jmp T_11.5;
T_11.2 ;
    %pushi/vec4 28, 0, 7;
    %store/vec4 v0x600002a22be0_0, 0, 7;
    %jmp T_11.5;
T_11.3 ;
    %pushi/vec4 99, 0, 7;
    %store/vec4 v0x600002a22be0_0, 0, 7;
    %jmp T_11.5;
T_11.5 ;
    %pop/vec4 1;
    %jmp T_11;
    .thread T_11, $push;
    .scope S_0x12b6101d0;
T_12 ;
    %wait E_0x600000d257c0;
    %load/vec4 v0x600002a233c0_0;
    %parti/s 1, 0, 2;
    %cmpi/e 1, 0, 1;
    %jmp/0xz  T_12.0, 4;
    %load/vec4 v0x600002a23600_0;
    %store/vec4 v0x600002a23450_0, 0, 2;
    %jmp T_12.1;
T_12.0 ;
    %load/vec4 v0x600002a23570_0;
    %store/vec4 v0x600002a23450_0, 0, 2;
T_12.1 ;
    %jmp T_12;
    .thread T_12, $push;
    .scope S_0x12b6101d0;
T_13 ;
    %wait E_0x600000d25780;
    %load/vec4 v0x600002a233c0_0;
    %parti/s 1, 0, 2;
    %cmpi/e 1, 0, 1;
    %jmp/0xz  T_13.0, 4;
    %load/vec4 v0x600002a23720_0;
    %store/vec4 v0x600002a234e0_0, 0, 2;
    %jmp T_13.1;
T_13.0 ;
    %load/vec4 v0x600002a23690_0;
    %store/vec4 v0x600002a234e0_0, 0, 2;
T_13.1 ;
    %jmp T_13;
    .thread T_13, $push;
    .scope S_0x12b6101d0;
T_14 ;
    %wait E_0x600000d25a40;
    %load/vec4 v0x600002a233c0_0;
    %parti/s 1, 1, 2;
    %cmpi/e 1, 0, 1;
    %jmp/0xz  T_14.0, 4;
    %load/vec4 v0x600002a234e0_0;
    %store/vec4 v0x600002a23330_0, 0, 2;
    %jmp T_14.1;
T_14.0 ;
    %load/vec4 v0x600002a23450_0;
    %store/vec4 v0x600002a23330_0, 0, 2;
T_14.1 ;
    %jmp T_14;
    .thread T_14, $push;
    .scope S_0x12b610340;
T_15 ;
    %wait E_0x600000d25a80;
    %load/vec4 v0x600002a237b0_0;
    %dup/vec4;
    %pushi/vec4 0, 0, 2;
    %cmp/u;
    %jmp/1 T_15.0, 6;
    %dup/vec4;
    %pushi/vec4 1, 0, 2;
    %cmp/u;
    %jmp/1 T_15.1, 6;
    %dup/vec4;
    %pushi/vec4 2, 0, 2;
    %cmp/u;
    %jmp/1 T_15.2, 6;
    %dup/vec4;
    %pushi/vec4 3, 0, 2;
    %cmp/u;
    %jmp/1 T_15.3, 6;
    %pushi/vec4 127, 0, 7;
    %store/vec4 v0x600002a23840_0, 0, 7;
    %jmp T_15.5;
T_15.0 ;
    %pushi/vec4 7, 0, 7;
    %store/vec4 v0x600002a23840_0, 0, 7;
    %jmp T_15.5;
T_15.1 ;
    %pushi/vec4 112, 0, 7;
    %store/vec4 v0x600002a23840_0, 0, 7;
    %jmp T_15.5;
T_15.2 ;
    %pushi/vec4 28, 0, 7;
    %store/vec4 v0x600002a23840_0, 0, 7;
    %jmp T_15.5;
T_15.3 ;
    %pushi/vec4 99, 0, 7;
    %store/vec4 v0x600002a23840_0, 0, 7;
    %jmp T_15.5;
T_15.5 ;
    %pop/vec4 1;
    %jmp T_15;
    .thread T_15, $push;
    .scope S_0x12b6050b0;
T_16 ;
    %vpi_call/w 3 23 "$dumpfile", "sim/lab3_p3.vcd" {0 0 0};
    %vpi_call/w 3 24 "$dumpvars", 32'sb00000000000000000000000000000000, S_0x12b6050b0 {0 0 0};
    %pushi/vec4 0, 0, 4;
    %store/vec4 v0x600002a24510_0, 0, 4;
    %delay 300000, 0;
    %vpi_call/w 3 28 "$finish" {0 0 0};
    %end;
    .thread T_16;
    .scope S_0x12b6050b0;
T_17 ;
    %delay 50000, 0;
    %load/vec4 v0x600002a24510_0;
    %addi 1, 0, 4;
    %store/vec4 v0x600002a24510_0, 0, 4;
    %jmp T_17;
    .thread T_17;
    .scope S_0x12b6050b0;
T_18 ;
    %wait E_0x600000d25500;
    %load/vec4 v0x600002a24510_0;
    %dup/vec4;
    %pushi/vec4 0, 0, 4;
    %cmp/u;
    %jmp/1 T_18.0, 6;
    %dup/vec4;
    %pushi/vec4 1, 0, 4;
    %cmp/u;
    %jmp/1 T_18.1, 6;
    %dup/vec4;
    %pushi/vec4 2, 0, 4;
    %cmp/u;
    %jmp/1 T_18.2, 6;
    %dup/vec4;
    %pushi/vec4 3, 0, 4;
    %cmp/u;
    %jmp/1 T_18.3, 6;
    %pushi/vec4 0, 0, 2;
    %store/vec4 v0x600002a24240_0, 0, 2;
    %pushi/vec4 0, 0, 2;
    %store/vec4 v0x600002a242d0_0, 0, 2;
    %pushi/vec4 1, 0, 2;
    %store/vec4 v0x600002a24360_0, 0, 2;
    %pushi/vec4 2, 0, 2;
    %store/vec4 v0x600002a243f0_0, 0, 2;
    %pushi/vec4 3, 0, 2;
    %store/vec4 v0x600002a24480_0, 0, 2;
    %jmp T_18.5;
T_18.0 ;
    %pushi/vec4 0, 0, 2;
    %store/vec4 v0x600002a24240_0, 0, 2;
    %pushi/vec4 0, 0, 2;
    %store/vec4 v0x600002a242d0_0, 0, 2;
    %pushi/vec4 1, 0, 2;
    %store/vec4 v0x600002a24360_0, 0, 2;
    %pushi/vec4 2, 0, 2;
    %store/vec4 v0x600002a243f0_0, 0, 2;
    %pushi/vec4 3, 0, 2;
    %store/vec4 v0x600002a24480_0, 0, 2;
    %jmp T_18.5;
T_18.1 ;
    %pushi/vec4 1, 0, 2;
    %store/vec4 v0x600002a24240_0, 0, 2;
    %pushi/vec4 0, 0, 2;
    %store/vec4 v0x600002a242d0_0, 0, 2;
    %pushi/vec4 1, 0, 2;
    %store/vec4 v0x600002a24360_0, 0, 2;
    %pushi/vec4 2, 0, 2;
    %store/vec4 v0x600002a243f0_0, 0, 2;
    %pushi/vec4 3, 0, 2;
    %store/vec4 v0x600002a24480_0, 0, 2;
    %jmp T_18.5;
T_18.2 ;
    %pushi/vec4 2, 0, 2;
    %store/vec4 v0x600002a24240_0, 0, 2;
    %pushi/vec4 0, 0, 2;
    %store/vec4 v0x600002a242d0_0, 0, 2;
    %pushi/vec4 1, 0, 2;
    %store/vec4 v0x600002a24360_0, 0, 2;
    %pushi/vec4 2, 0, 2;
    %store/vec4 v0x600002a243f0_0, 0, 2;
    %pushi/vec4 3, 0, 2;
    %store/vec4 v0x600002a24480_0, 0, 2;
    %jmp T_18.5;
T_18.3 ;
    %pushi/vec4 3, 0, 2;
    %store/vec4 v0x600002a24240_0, 0, 2;
    %pushi/vec4 0, 0, 2;
    %store/vec4 v0x600002a242d0_0, 0, 2;
    %pushi/vec4 1, 0, 2;
    %store/vec4 v0x600002a24360_0, 0, 2;
    %pushi/vec4 2, 0, 2;
    %store/vec4 v0x600002a243f0_0, 0, 2;
    %pushi/vec4 3, 0, 2;
    %store/vec4 v0x600002a24480_0, 0, 2;
    %jmp T_18.5;
T_18.5 ;
    %pop/vec4 1;
    %jmp T_18;
    .thread T_18, $push;
# The file index is used to find the file name in the following table.
:file_names 8;
    "N/A";
    "<interactive>";
    "-";
    "part3/lab3_P3_TB.v";
    "part3/lab3_P3.v";
    "part2/lab3_P2.v";
    "part2/two_bit_4to1muxV2.v";
    "part1/decoder_7seg.v";
